<?xml version="1.0" encoding="UTF-8"?>
<!-- Generated by org.testng.reporters.JUnitReportReporter -->
<testsuite hostname="Design1" failures="0" tests="1" name="MavenProjSolviant.Solviant.Signup_Principle" time="13.475" errors="0" timestamp="17 Oct 2018 07:43:24 GMT" skipped="0">
  <testcase classname="MavenProjSolviant.Solviant.Signup_Principle" name="signup" time="13.475"/>
</testsuite> <!-- MavenProjSolviant.Solviant.Signup_Principle -->
