<?xml version="1.0" encoding="UTF-8"?>
<!-- Generated by org.testng.reporters.JUnitReportReporter -->
<testsuite hostname="Design1" failures="0" tests="1" name="MavenProjSolviant.Solviant.LoginTest" time="12.525" errors="0" timestamp="28 Sep 2018 11:00:04 GMT" skipped="0">
  <testcase classname="MavenProjSolviant.Solviant.LoginTest" name="Login" time="12.525"/>
</testsuite> <!-- MavenProjSolviant.Solviant.LoginTest -->
