<?xml version="1.0" encoding="UTF-8"?>
<!-- Generated by org.testng.reporters.JUnitReportReporter -->
<testsuite hostname="Design1" failures="0" tests="1" name="MavenProjSolviant.Solviant.LoginTest" time="12.327" errors="0" timestamp="27 Sep 2018 07:41:15 GMT" skipped="0">
  <testcase classname="MavenProjSolviant.Solviant.LoginTest" name="Login" time="12.327"/>
</testsuite> <!-- MavenProjSolviant.Solviant.LoginTest -->
